Open segments:Microsoft (R) Macro Assembler Version 5.00                  4/10/20 20:50:08
                                                             Page     1-1



_TEXT  . . . . . . . . . . . . .  	
Microsoft (R) Macro Assembler Version 5.00                  4/10/20 20:50:08
                                                             Page     1-1


       1				dosseg 
       2				.module small 
file2.asm(2): error A2105: Expected: instruction or directive
       3 0000				.stack 100h 
file2.asm(3): error A2105: Expected: .model
       4 0100				.stack 100h 
       5 0000				.data 
file2.asm(4): error A2105: Expected: .model
       6 0000				.data 
       7 0000				.code 
file2.asm(5): error A2105: Expected: .model
       8 0000				.code 
       9 0000				main proc 
file2.asm(6): error A2062: Missing or unreachable CS
      10 0000  B4 01			mov ah,1 
      11 0002  CD 21			int 21h 
      12 0004  8A D0			mov dl,al 
      13 0006  B4 02			mov ah,2 
      14 0008  CD 21			int 21h 
      15 000A				main endp 
      16				end main 
Open segments:
_TEXT  . . . . . . . . . . . . .  	
Microsoft (R) Macro Assembler Version 5.00                  4/10/20 20:50:08
                                                             Symbols-1


Segments and Groups:

                N a m e         	Length	 Align	Combine Class

DGROUP . . . . . . . . . . . . .  	GROUP
  STACK  . . . . . . . . . . . .  	0100	PARA	STACK	'STACK'
  _DATA  . . . . . . . . . . . .  	0000	WORD	PUBLIC	'DATA'
_TEXT  . . . . . . . . . . . . .  	0000	WORD	PUBLIC	'CODE'

Symbols:            

                N a m e         	Type	 Value	 Attr

MAIN . . . . . . . . . . . . . .  	N PROC	0000	_TEXT	Length = 000A

@FILENAME  . . . . . . . . . . .  	TEXT  file2		


     13 Source  Lines
     13 Total   Lines
      9 Symbols

  50696 + 465848 Bytes symbol space free

      0 Warning Errors
      6 Severe  Errors
